Remove Pin=P1-7 From Net=PC1
Remove Pin=P1-8 From Net=PC0
Remove Pin=P1-9 From Net=PC3
Remove Pin=P1-10 From Net=PC2
Remove Pin=P1-11 From Net=PA1
Remove Pin=P1-12 From Net=PA0
Remove Pin=P1-13 From Net=PA3
Remove Pin=P1-14 From Net=PA2
Remove Pin=P1-15 From Net=PA5
Remove Pin=P1-16 From Net=PA4
Remove Pin=P1-17 From Net=PA7
Remove Pin=P1-18 From Net=PA6
Remove Pin=P1-19 From Net=PC5
Remove Pin=P1-20 From Net=PC4
Remove Pin=P1-21 From Net=PB1
Remove Pin=P1-22 From Net=PB0
Remove Pin=P1-24 From Net=PB2
Remove Pin=P1-25 From Net=PE7
Remove Pin=P1-26 From Net=PE8
Remove Pin=P1-27 From Net=PE9
Remove Pin=P1-28 From Net=PE10
Remove Pin=P1-29 From Net=PE11
Remove Pin=P1-30 From Net=PE12
Remove Pin=P1-31 From Net=PE13
Remove Pin=P1-32 From Net=PE14
Remove Pin=P1-33 From Net=PE15
Remove Pin=P1-34 From Net=PB10
Remove Pin=P1-35 From Net=PB11
Remove Pin=P1-36 From Net=PB12
Remove Pin=P1-37 From Net=PB13
Remove Pin=P1-38 From Net=PB14
Remove Pin=P1-39 From Net=PB15
Remove Pin=P1-40 From Net=PD8
Remove Pin=P1-41 From Net=PD9
Remove Pin=P1-42 From Net=PD10
Remove Pin=P1-43 From Net=PD11
Remove Pin=P1-44 From Net=PD12
Remove Pin=P1-45 From Net=PD13
Remove Pin=P1-46 From Net=PD14
Remove Pin=P1-47 From Net=PD15
Remove Pin=P2-7 From Net=PH0
Remove Pin=P2-8 From Net=PH1
Remove Pin=P2-9 From Net=PC14
Remove Pin=P2-10 From Net=PC15
Remove Pin=P2-11 From Net=PE6
Remove Pin=P2-12 From Net=PC13
Remove Pin=P2-13 From Net=PE4
Remove Pin=P2-14 From Net=PE5
Remove Pin=P2-15 From Net=PE2
Remove Pin=P2-16 From Net=PE3
Remove Pin=P2-17 From Net=PE0
Remove Pin=P2-18 From Net=PE1
Remove Pin=P2-19 From Net=PB8
Remove Pin=P2-20 From Net=PB9
Remove Pin=P2-21 From Net=BOOT0
Remove Pin=P2-23 From Net=PB6
Remove Pin=P2-24 From Net=PB7
Remove Pin=P2-25 From Net=PB4
Remove Pin=P2-26 From Net=PB5
Remove Pin=P2-27 From Net=PD7
Remove Pin=P2-28 From Net=PB3
Remove Pin=P2-29 From Net=PD5
Remove Pin=P2-30 From Net=PD6
Remove Pin=P2-31 From Net=PD3
Remove Pin=P2-32 From Net=PD4
Remove Pin=P2-33 From Net=PD1
Remove Pin=P2-34 From Net=PD2
Remove Pin=P2-35 From Net=PC12
Remove Pin=P2-36 From Net=PD0
Remove Pin=P2-37 From Net=PC10
Remove Pin=P2-38 From Net=PC11
Remove Pin=P2-39 From Net=PA14
Remove Pin=P2-40 From Net=PA15
Remove Pin=P2-41 From Net=PA12
Remove Pin=P2-42 From Net=PA13
Remove Pin=P2-43 From Net=PA10
Remove Pin=P2-44 From Net=PA11
Remove Pin=P2-45 From Net=PA8
Remove Pin=P2-46 From Net=PA9
Remove Pin=P2-47 From Net=PC8
Remove Pin=P2-48 From Net=PC9
Remove Pin=P2-49 From Net=PC6
Remove Pin=P2-50 From Net=PC7
